SF:src\BCI.jl
DA:131,3077
DA:143,1538
DA:144,1538
DA:146,1538
DA:148,1538
DA:149,0
DA:150,0
DA:152,1538
DA:153,6
DA:154,6
DA:155,3
DA:156,0
DA:158,3
DA:160,1535
DA:161,0
DA:162,1535
DA:163,0
DA:165,1535
DA:172,12
DA:184,4
DA:185,8
DA:186,4
DA:188,4
DA:190,4
DA:191,8
DA:192,1537
DA:195,0
DA:196,0
DA:200,4
DA:261,6
DA:278,3
DA:280,3
DA:282,3
DA:292,3
DA:295,0
DA:296,0
DA:297,0
DA:299,0
DA:300,0
DA:301,0
DA:302,0
DA:304,0
DA:306,0
DA:308,0
DA:311,3
DA:314,6
DA:315,4
DA:319,93612
DA:320,2
DA:321,2
DA:322,2
DA:325,2
DA:328,1
DA:330,1
DA:334,0
DA:501,6
DA:539,2
DA:548,2
DA:566,2
LH:41
LF:59
end_of_record
SF:src\Database.jl
DA:148,0
DA:150,0
DA:153,0
DA:154,0
DA:155,0
DA:156,0
DA:157,0
DA:158,0
DA:159,0
DA:160,0
DA:162,0
DA:184,0
DA:186,0
DA:189,0
DA:190,0
DA:191,0
DA:192,0
DA:195,0
DA:196,0
DA:197,0
DA:201,0
DA:202,0
DA:203,0
DA:204,0
DA:205,0
DA:206,0
DA:207,0
DA:208,0
DA:210,0
DA:211,0
DA:212,0
DA:213,0
DA:214,0
DA:216,0
DA:217,0
DA:218,0
DA:219,0
DA:220,0
DA:221,0
DA:222,0
DA:224,0
DA:225,0
DA:226,0
DA:227,0
DA:228,0
DA:230,0
DA:232,0
DA:234,0
DA:235,0
DA:237,0
DA:238,0
DA:239,0
DA:240,0
DA:241,0
DA:242,0
DA:243,0
DA:244,0
DA:245,0
DA:247,0
DA:248,0
DA:249,0
DA:250,0
DA:251,0
DA:252,0
DA:254,0
DA:255,0
DA:256,0
DA:257,0
DA:258,0
DA:259,0
DA:260,0
DA:261,0
DA:263,0
DA:264,0
DA:265,0
DA:266,0
DA:267,0
DA:268,0
DA:270,0
DA:271,0
DA:273,0
DA:274,0
DA:275,0
DA:276,0
DA:280,0
DA:281,0
DA:282,0
DA:283,0
DA:284,0
DA:285,0
DA:288,0
DA:289,0
DA:290,0
DA:293,0
DA:294,0
DA:295,0
DA:298,0
DA:300,0
DA:301,0
DA:306,0
DA:307,0
DA:308,0
DA:309,0
DA:310,0
DA:311,0
DA:312,0
DA:313,0
DA:314,0
DA:315,0
DA:316,0
DA:317,0
DA:318,0
DA:319,0
DA:320,0
DA:321,0
DA:322,0
DA:323,0
DA:324,0
DA:325,0
DA:326,0
DA:327,0
DA:328,0
DA:329,0
DA:330,0
DA:333,0
DA:334,0
DA:335,0
DA:338,0
DA:341,0
DA:342,0
DA:343,0
DA:344,0
DA:345,0
DA:347,0
DA:349,0
DA:350,0
DA:351,0
DA:354,0
DA:398,0
DA:400,0
DA:409,0
DA:412,0
DA:413,0
DA:414,0
DA:415,0
DA:417,0
DA:419,0
DA:422,0
DA:423,0
DA:424,0
DA:427,0
DA:428,0
DA:429,0
DA:431,0
DA:435,0
DA:436,0
DA:437,0
DA:438,0
DA:439,0
DA:441,0
DA:445,0
DA:446,0
DA:452,0
DA:453,0
DA:454,0
DA:581,0
DA:587,0
DA:590,0
DA:591,0
DA:592,0
DA:595,0
DA:599,0
DA:602,0
DA:604,0
DA:605,0
DA:608,0
DA:609,0
DA:610,0
DA:611,0
DA:614,0
DA:617,0
DA:618,0
DA:619,0
DA:620,0
DA:621,0
DA:624,0
DA:625,0
DA:626,0
DA:627,0
DA:628,0
DA:632,0
DA:635,0
DA:636,0
DA:637,0
DA:638,0
DA:639,0
DA:642,0
DA:644,0
DA:645,0
DA:647,0
DA:649,0
DA:650,0
DA:651,0
DA:652,0
DA:654,0
DA:656,0
DA:788,0
DA:794,0
DA:797,0
DA:798,0
DA:799,0
DA:803,0
DA:804,0
DA:805,0
DA:807,0
DA:808,0
DA:811,0
DA:812,0
DA:813,0
DA:816,0
DA:817,0
DA:818,0
DA:820,0
DA:823,0
DA:825,0
DA:828,0
DA:829,0
DA:832,0
DA:835,0
DA:836,0
DA:837,0
DA:840,0
DA:843,0
DA:846,0
DA:847,0
DA:848,0
DA:849,0
DA:850,0
DA:854,0
DA:857,0
DA:860,0
DA:863,0
DA:864,0
DA:865,0
DA:868,0
DA:869,0
DA:871,0
DA:872,0
DA:873,0
DA:875,0
DA:881,0
DA:882,0
DA:884,0
DA:885,0
DA:886,0
DA:888,0
DA:890,0
DA:891,0
DA:893,0
DA:894,0
DA:896,0
DA:897,0
DA:898,0
DA:899,0
DA:901,0
DA:902,0
DA:903,0
DA:906,0
DA:907,0
DA:909,0
DA:910,0
DA:911,0
DA:912,0
DA:913,0
DA:914,0
DA:915,0
DA:917,0
DA:918,0
DA:922,0
DA:924,0
DA:925,0
DA:926,0
DA:927,0
DA:928,0
DA:929,0
DA:930,0
DA:934,0
DA:935,0
DA:936,0
DA:938,0
DA:939,0
DA:940,0
DA:942,0
DA:954,0
DA:956,0
DA:957,0
DA:958,0
DA:959,0
DA:960,0
DA:961,0
DA:963,0
DA:966,0
DA:972,0
DA:973,0
DA:974,0
DA:976,0
DA:981,0
DA:982,0
DA:983,0
DA:985,0
DA:990,0
DA:991,0
DA:994,0
DA:997,0
DA:999,0
DA:1000,0
DA:1001,0
DA:1002,0
DA:1003,0
DA:1006,0
DA:1008,0
DA:1130,0
DA:1132,0
DA:1133,0
DA:1134,0
DA:1135,0
DA:1138,0
DA:1139,0
DA:1143,0
DA:1146,0
DA:1148,0
DA:1149,0
DA:1150,0
DA:1152,0
DA:1153,0
DA:1155,0
DA:1234,0
DA:1235,0
DA:1239,0
DA:1240,0
DA:1244,0
DA:1245,0
DA:1254,0
DA:1256,0
DA:1257,0
DA:1258,0
DA:1259,0
DA:1260,0
DA:1261,0
DA:1263,0
DA:1264,0
DA:1265,0
DA:1266,0
DA:1267,0
DA:1268,0
DA:1270,0
DA:1271,0
DA:1274,0
DA:1275,0
DA:1277,0
DA:1279,0
DA:1282,0
DA:1283,0
DA:1285,0
DA:1289,0
DA:1290,0
DA:1291,0
DA:1293,0
DA:1294,0
DA:1295,0
DA:1296,0
DA:1297,0
DA:1298,0
DA:1299,0
DA:1300,0
DA:1301,0
DA:1302,0
DA:1303,0
DA:1304,0
DA:1305,0
DA:1306,0
DA:1307,0
DA:1308,0
DA:1309,0
DA:1310,0
DA:1311,0
LH:0
LF:386
end_of_record
SF:src\ERPs.jl
DA:148,8
DA:153,4
DA:154,16
DA:155,4
DA:156,4
DA:157,4
DA:158,8
DA:159,4
DA:160,0
DA:161,0
DA:162,0
DA:163,0
DA:166,4
DA:167,2
DA:168,2
DA:169,2
DA:170,2
DA:171,2
DA:172,8
DA:173,3076
DA:174,4
DA:175,0
DA:176,0
DA:178,4
DA:181,6
DA:182,4
DA:183,0
DA:185,4
DA:186,2
DA:188,2
DA:191,2
DA:192,0
DA:194,2
DA:195,4
DA:196,2
DA:260,78
DA:262,111
DA:263,45
DA:283,82
DA:285,876068
DA:286,156
DA:287,41
DA:288,9746
DA:289,41
DA:327,1
DA:334,1
DA:335,1
DA:336,0
DA:337,0
DA:338,0
DA:339,0
DA:340,0
DA:341,0
DA:342,0
DA:439,2
DA:446,1
DA:447,1
DA:449,0
DA:454,0
DA:465,0
DA:466,0
DA:468,0
DA:523,5
DA:526,5
DA:528,25
DA:530,0
DA:532,10
DA:533,10
DA:535,0
DA:537,10
DA:540,5
DA:623,6
DA:628,3
DA:629,3
DA:630,3
DA:632,6
DA:633,6
DA:634,3
DA:636,6
DA:637,3
DA:639,3
DA:643,6
DA:644,3
DA:648,3
DA:649,3
DA:650,218627
DA:651,220203
DA:652,0
DA:653,0
DA:654,0
DA:656,437251
DA:659,3
DA:660,3
DA:661,218627
DA:662,212511
DA:663,28
DA:664,28
DA:665,28
DA:667,437251
DA:669,3
DA:671,3
DA:674,3
DA:679,3
DA:680,1
DA:682,2
DA:700,0
DA:704,0
DA:705,0
DA:706,0
DA:708,0
DA:709,0
DA:710,0
DA:714,0
DA:718,0
DA:719,0
DA:720,0
DA:722,0
DA:723,0
DA:724,0
DA:737,0
DA:741,0
DA:742,0
DA:745,0
DA:746,0
DA:806,0
DA:820,0
DA:823,0
DA:824,0
DA:825,0
DA:826,0
DA:827,0
DA:828,0
DA:830,0
DA:831,0
DA:832,0
DA:836,0
DA:841,0
DA:842,0
DA:843,0
DA:844,0
DA:845,0
DA:848,0
DA:849,0
DA:852,0
DA:853,0
DA:856,0
DA:859,0
DA:862,0
DA:864,0
DA:866,0
DA:869,0
DA:874,0
DA:877,0
DA:878,0
DA:881,0
DA:885,0
DA:886,0
DA:895,0
DA:896,0
DA:897,0
DA:898,0
DA:899,0
DA:901,0
DA:904,0
DA:905,0
DA:906,0
DA:909,0
DA:917,0
DA:918,0
DA:919,0
DA:920,0
DA:925,0
DA:931,0
DA:932,0
DA:933,0
DA:934,0
DA:935,0
DA:936,0
DA:937,0
DA:938,0
DA:939,0
DA:941,0
LH:80
LF:182
end_of_record
SF:src\Eegle.jl
LH:0
LF:0
end_of_record
SF:src\FileSystem.jl
DA:37,4
DA:51,2
DA:74,2
DA:102,4
DA:103,0
DA:105,2
DA:106,2
DA:107,2
DA:108,2
DA:109,5
DA:110,3
DA:111,3
DA:114,4
DA:116,2
DA:117,2
DA:118,2
DA:123,0
DA:124,0
DA:125,0
DA:147,0
DA:148,0
DA:150,0
DA:151,0
DA:152,0
DA:153,0
DA:154,0
DA:155,0
DA:157,0
DA:159,0
DA:160,0
DA:161,0
LH:15
LF:31
end_of_record
SF:src\GUIs\downloadDB\DB_download_interface.jl
DA:18,0
DA:20,0
DA:23,0
DA:26,0
DA:28,0
DA:34,0
DA:35,0
DA:39,0
DA:41,0
DA:44,0
DA:47,0
DA:48,0
DA:52,0
DA:53,0
DA:57,0
DA:58,0
DA:59,0
DA:61,0
DA:62,0
DA:63,0
DA:65,0
DA:66,0
DA:67,0
DA:71,0
DA:72,0
DA:73,0
DA:74,0
DA:76,0
DA:78,0
DA:82,0
DA:85,0
DA:87,0
DA:88,0
DA:89,0
DA:90,0
DA:91,0
DA:92,0
DA:93,0
DA:95,0
DA:101,0
DA:105,0
DA:107,0
DA:108,0
DA:109,0
DA:110,0
DA:111,0
DA:112,0
DA:113,0
DA:114,0
DA:115,0
DA:116,0
DA:117,0
DA:119,0
DA:121,0
DA:124,0
DA:125,0
DA:126,0
DA:127,0
DA:128,0
DA:129,0
DA:132,0
DA:137,0
DA:139,0
DA:148,0
DA:157,0
DA:161,0
DA:173,0
DA:175,0
DA:176,0
DA:180,0
DA:181,0
DA:183,0
DA:187,0
DA:188,0
DA:192,0
DA:193,0
DA:194,0
DA:197,0
DA:199,0
DA:200,0
DA:201,0
DA:202,0
DA:204,0
DA:206,0
DA:207,0
DA:208,0
DA:210,0
DA:213,0
DA:214,0
DA:215,0
DA:216,0
DA:217,0
DA:218,0
DA:219,0
DA:220,0
DA:222,0
DA:225,0
DA:226,0
DA:228,0
DA:230,0
DA:231,0
DA:232,0
DA:233,0
DA:238,0
DA:239,0
DA:240,0
DA:241,0
DA:243,0
DA:245,0
LH:0
LF:109
end_of_record
SF:src\GUIs\downloadDB\db_catalog.jl
DA:156,0
DA:161,0
DA:162,0
DA:163,0
DA:178,0
DA:180,0
DA:183,0
DA:184,0
DA:185,0
DA:186,0
DA:187,0
DA:191,0
DA:192,0
DA:193,0
DA:194,0
DA:195,0
DA:196,0
DA:197,0
DA:198,0
DA:199,0
DA:200,0
DA:201,0
DA:202,0
DA:203,0
DA:204,0
DA:205,0
DA:206,0
DA:207,0
DA:211,0
DA:213,0
DA:214,0
DA:215,0
DA:216,0
DA:217,0
DA:218,0
DA:219,0
DA:220,0
DA:222,0
DA:223,0
DA:227,0
DA:228,0
DA:229,0
DA:230,0
DA:233,0
DA:234,0
DA:236,0
DA:237,0
DA:242,0
DA:243,0
DA:246,0
DA:248,0
DA:249,0
DA:252,0
DA:253,0
DA:254,0
DA:255,0
DA:256,0
DA:257,0
DA:258,0
DA:260,0
DA:261,0
DA:262,0
DA:264,0
DA:267,0
DA:269,0
DA:270,0
DA:274,0
DA:275,0
DA:276,0
DA:279,0
DA:280,0
DA:281,0
DA:282,0
DA:283,0
DA:284,0
DA:285,0
DA:286,0
DA:289,0
DA:291,0
DA:295,0
DA:297,0
DA:298,0
DA:299,0
DA:300,0
DA:304,0
DA:309,0
DA:310,0
DA:311,0
DA:312,0
DA:313,0
DA:314,0
LH:0
LF:91
end_of_record
SF:src\GUIs\downloadDB\styles.jl
LH:0
LF:0
end_of_record
SF:src\InOut.jl
DA:140,8
DA:173,0
DA:201,8
DA:207,8
DA:208,1
DA:209,1
DA:210,7
DA:211,7
DA:212,7
DA:213,0
DA:214,0
DA:216,0
DA:219,16
DA:220,8
DA:223,8
DA:224,0
DA:228,0
DA:232,8
DA:233,8
DA:234,16
DA:236,8
DA:239,0
DA:240,0
DA:241,0
DA:243,0
DA:244,0
DA:245,0
DA:246,0
DA:248,8
DA:336,16
DA:349,8
DA:350,16
DA:352,8
DA:353,16
DA:354,0
DA:355,0
DA:358,8
DA:360,8
DA:363,8
DA:364,14
DA:365,7
DA:366,0
DA:367,0
DA:373,1
DA:376,8
DA:378,8
DA:380,16
DA:381,0
DA:382,0
DA:385,8
DA:386,16
DA:387,0
DA:388,0
DA:393,8
DA:394,8
DA:396,8
DA:397,0
DA:398,0
DA:401,8
DA:402,3
DA:403,3
DA:406,8
DA:407,5
DA:411,8
DA:412,8
DA:413,17
DA:414,8
DA:415,8
DA:417,8
DA:418,1
DA:419,1
DA:420,0
DA:421,0
DA:424,1
DA:425,4
DA:427,1
DA:428,1
DA:429,0
DA:431,1
DA:432,1
DA:433,1
DA:436,1
DA:437,1
DA:438,1
DA:440,1
DA:441,1
DA:444,7
DA:445,7
DA:450,8
DA:451,459084
DA:452,0
DA:453,0
DA:455,453668
DA:458,8
DA:459,0
DA:460,0
DA:461,0
DA:462,0
DA:463,0
DA:466,8
DA:468,8
DA:470,2
DA:475,6
DA:479,8
DA:481,8
DA:482,0
DA:483,0
DA:486,8
DA:488,8
DA:490,8
DA:493,8
DA:527,0
DA:528,0
DA:529,0
DA:530,0
DA:576,0
DA:583,0
DA:584,0
DA:585,0
DA:586,0
DA:587,0
DA:588,0
DA:589,0
DA:590,0
DA:591,0
DA:592,0
DA:593,0
DA:594,0
DA:597,0
DA:598,0
DA:599,0
DA:600,0
DA:601,0
DA:603,0
DA:637,0
DA:638,0
DA:639,0
DA:640,0
DA:643,0
DA:644,0
DA:645,0
DA:646,0
DA:647,0
DA:648,0
DA:649,0
DA:650,0
DA:651,0
DA:652,0
DA:653,0
DA:654,0
DA:655,0
DA:662,0
DA:663,0
DA:664,0
DA:665,0
DA:695,0
DA:696,0
DA:697,0
DA:698,0
DA:699,0
DA:700,0
DA:790,0
DA:796,0
DA:797,0
DA:799,0
DA:800,0
DA:801,0
DA:802,0
DA:807,0
DA:811,0
DA:812,0
DA:814,0
DA:815,0
DA:816,0
DA:817,0
DA:818,0
DA:819,0
DA:820,0
DA:821,0
DA:822,0
DA:823,0
DA:827,0
DA:833,0
DA:834,0
DA:836,0
DA:837,0
DA:838,0
DA:839,0
DA:840,0
DA:841,0
DA:842,0
DA:849,2
DA:862,0
DA:863,0
DA:864,0
DA:865,0
DA:866,0
DA:867,0
DA:868,0
DA:869,0
DA:870,0
DA:871,0
DA:872,0
DA:873,0
DA:874,0
DA:875,0
DA:876,0
DA:877,0
DA:878,0
DA:879,0
DA:880,0
DA:881,0
DA:882,0
DA:883,0
DA:884,0
DA:885,0
DA:886,0
DA:887,0
DA:888,0
DA:890,0
DA:891,0
LH:77
LF:221
end_of_record
SF:src\Miscellaneous.jl
DA:31,1
DA:32,1
DA:33,1
DA:34,1
DA:35,3
DA:36,2
DA:37,2
DA:39,5
DA:40,1
DA:52,1
DA:53,1
DA:54,1
DA:55,1
DA:56,3
DA:57,2
DA:58,2
DA:60,5
DA:61,1
DA:84,1
DA:85,1
DA:86,1
DA:93,0
DA:95,0
DA:96,0
DA:101,0
DA:105,0
DA:108,0
DA:110,0
DA:111,0
DA:113,0
DA:115,0
DA:116,0
DA:119,0
DA:120,0
DA:121,0
DA:125,0
DA:126,0
DA:127,0
DA:129,0
DA:130,0
DA:132,0
DA:133,0
DA:134,0
DA:135,0
LH:21
LF:44
end_of_record
SF:src\Preprocessing.jl
DA:52,4
DA:55,4
DA:56,2
DA:57,2
DA:58,1
DA:60,1
DA:61,1
DA:64,2
DA:122,8
DA:131,7
DA:132,0
DA:134,4
DA:140,4
DA:141,5
DA:145,4160
DA:146,4
DA:147,4
DA:148,4
DA:149,4
DA:150,72
DA:151,140
DA:154,4
DA:155,0
DA:156,0
DA:157,0
DA:158,0
DA:159,0
DA:161,0
DA:163,4
DA:212,5
DA:214,10
DA:215,10
DA:216,5
DA:261,0
DA:263,0
DA:264,0
DA:265,0
DA:266,0
DA:268,0
DA:269,0
DA:270,0
DA:272,0
DA:333,1
DA:334,1539
DA:335,1539
DA:336,1
DA:338,1538
LH:31
LF:47
end_of_record
SF:src\Processing.jl
DA:68,3
DA:70,3
DA:119,6
DA:122,3
DA:123,6
DA:124,3
DA:163,10
DA:165,5
DA:206,8
DA:207,4
DA:223,0
DA:226,0
DA:228,0
DA:233,0
DA:234,0
DA:235,0
DA:236,0
DA:238,0
DA:239,0
DA:240,0
DA:242,0
DA:243,0
DA:245,0
DA:247,0
DA:248,0
DA:250,0
DA:330,6
DA:337,3
DA:338,0
DA:339,0
DA:341,4
DA:343,3
LH:14
LF:32
end_of_record
SF:src\extras\LOCAL_BUILD.jl
LH:0
LF:0
end_of_record
SF:src\tools\Toeplitz_alg.jl
DA:41,48
DA:49,25
DA:50,25
DA:51,3200
DA:52,25
DA:53,0
DA:54,0
DA:55,0
DA:56,0
DA:58,0
DA:59,0
DA:61,50
DA:62,3348
DA:63,853090
DA:64,4439
DA:66,1704506
DA:67,1674
DA:69,25
DA:73,25
DA:74,25
DA:75,409600
DA:76,25
DA:77,3200
DA:78,3200
DA:79,6375
DA:80,25
DA:84,23
DA:85,23
DA:86,23
DA:87,23
DA:88,0
DA:89,0
DA:90,0
DA:91,0
DA:92,0
DA:93,0
DA:94,0
DA:96,0
DA:98,0
DA:99,0
DA:100,0
DA:101,0
DA:103,0
DA:106,0
DA:107,0
DA:109,0
DA:110,0
DA:111,0
DA:112,0
DA:113,0
DA:114,0
DA:116,0
DA:118,0
DA:119,0
DA:120,0
DA:121,0
DA:123,0
DA:126,0
DA:127,0
DA:130,23
DA:131,0
DA:132,0
DA:133,0
DA:134,0
DA:135,0
DA:136,0
DA:138,0
DA:140,0
DA:141,0
DA:142,0
DA:143,0
DA:145,0
DA:148,0
DA:149,0
DA:151,46
DA:152,2852
DA:153,164640
DA:154,636
DA:155,636
DA:156,496
DA:158,140
DA:160,164004
DA:161,656
DA:162,656
DA:163,512
DA:165,144
DA:168,327854
DA:169,1426
DA:172,23
DA:173,23
DA:174,23
DA:175,23
DA:179,23
DA:180,23
DA:181,376832
DA:182,23
DA:183,0
DA:184,0
DA:185,0
DA:186,0
DA:187,0
DA:189,0
DA:190,0
DA:191,0
DA:193,0
DA:195,23
DA:196,284
DA:197,284
DA:198,140
DA:199,7532
DA:200,14924
DA:202,144
DA:203,8368
DA:204,8368
DA:206,284
DA:208,23
DA:214,9
DA:215,9
DA:216,9
DA:217,1163264
DA:218,9
DA:219,25
DA:220,34
DA:221,23
DA:222,23
DA:223,23
DA:224,30
DA:225,41
DA:226,9
DA:229,25
DA:230,25
DA:231,59264
DA:232,25
DA:233,0
DA:234,0
DA:235,0
DA:237,50
DA:238,1674
DA:239,1674
DA:241,25
DA:248,9
DA:249,9
DA:250,9
DA:251,25
DA:252,25
DA:253,59264
DA:254,9
DA:255,9
DA:256,25
DA:257,25
DA:258,25
DA:259,9
LH:91
LF:152
end_of_record
SF:src\tools\Tyler.jl
DA:42,0
DA:46,0
DA:47,0
DA:48,0
DA:49,0
DA:51,0
DA:52,0
DA:53,0
DA:54,0
DA:55,0
DA:56,0
DA:57,0
DA:58,0
DA:59,0
DA:60,0
DA:61,0
DA:62,0
DA:66,0
DA:67,0
DA:68,0
DA:69,0
DA:80,0
DA:85,0
DA:86,0
DA:87,0
DA:88,0
DA:89,0
DA:90,0
DA:91,0
DA:93,0
DA:94,0
DA:95,0
DA:96,0
DA:97,0
DA:98,0
DA:100,0
DA:101,0
DA:103,0
DA:104,0
DA:105,0
DA:106,0
DA:108,0
DA:109,0
DA:111,0
DA:112,0
DA:113,0
DA:114,0
DA:115,0
DA:116,0
DA:118,0
DA:119,0
DA:120,0
DA:121,0
DA:122,0
DA:123,0
DA:125,0
DA:126,0
DA:127,0
DA:129,0
DA:130,0
DA:134,0
DA:135,0
DA:136,0
DA:137,0
LH:0
LF:64
end_of_record
